<?xml version="1.0" encoding="UTF-8"?>
<!-- Generated by org.testng.reporters.JUnitReportReporter -->
<testsuite hostname="DESKTOP-HQV51JQ" failures="0" tests="33" name="testCases.Bangladesh" time="356.380" errors="0" timestamp="2024-04-01T10:30:56 IST" skipped="0">
  <testcase classname="testCases.Bangladesh" name="applicationLogin" time="22.327"/>
  <testcase classname="testCases.Bangladesh" name="signupDetails" time="5.905"/>
  <testcase classname="testCases.Bangladesh" name="verifyOtp" time="19.260"/>
  <testcase classname="testCases.Bangladesh" name="rtr1604vaddvehicle" time="30.412"/>
  <testcase classname="testCases.Bangladesh" name="notification" time="1.769"/>
  <testcase classname="testCases.Bangladesh" name="myprofile" time="35.686"/>
  <testcase classname="testCases.Bangladesh" name="hamburgerlist" time="37.254"/>
  <testcase classname="testCases.Bangladesh" name="rtr1604vridedetails" time="17.679"/>
  <testcase classname="testCases.Bangladesh" name="rtr1604vmyrideslist" time="4.792"/>
  <testcase classname="testCases.Bangladesh" name="rtr1604vmytour" time="3.281"/>
  <testcase classname="testCases.Bangladesh" name="rtr1604vknowyourbike" time="6.597"/>
  <testcase classname="testCases.Bangladesh" name="rtr1604vsettings" time="13.076"/>
  <testcase classname="testCases.Bangladesh" name="rtr1604vlastparklocation" time="8.843"/>
  <testcase classname="testCases.Bangladesh" name="addracingeditionvehicle" time="9.616"/>
  <testcase classname="testCases.Bangladesh" name="reridedetails" time="4.094"/>
  <testcase classname="testCases.Bangladesh" name="remyrides" time="3.107"/>
  <testcase classname="testCases.Bangladesh" name="reknowyourbike" time="6.247"/>
  <testcase classname="testCases.Bangladesh" name="resettings" time="8.785"/>
  <testcase classname="testCases.Bangladesh" name="relastparkedlocation" time="4.880"/>
  <testcase classname="testCases.Bangladesh" name="rehowtovideos" time="7.599"/>
  <testcase classname="testCases.Bangladesh" name="addrtrapache1602vcarb" time="11.987"/>
  <testcase classname="testCases.Bangladesh" name="apachevehicleoverview" time="2.347"/>
  <testcase classname="testCases.Bangladesh" name="apachesettings" time="8.350"/>
  <testcase classname="testCases.Bangladesh" name="apachelocatevehicle" time="4.890"/>
  <testcase classname="testCases.Bangladesh" name="apacheusermanual" time="5.558"/>
  <testcase classname="testCases.Bangladesh" name="apacheriding101" time="4.341"/>
  <testcase classname="testCases.Bangladesh" name="addapache1602vfi" time="15.767"/>
  <testcase classname="testCases.Bangladesh" name="apache1602vfivehicleovgierview" time="4.659"/>
  <testcase classname="testCases.Bangladesh" name="rtr1602vfisettings" time="13.092"/>
  <testcase classname="testCases.Bangladesh" name="rtr1602vfilocatevehicle" time="4.821"/>
  <testcase classname="testCases.Bangladesh" name="rtr1602vfiusermanual" time="5.627"/>
  <testcase classname="testCases.Bangladesh" name="rtr1602vfiriding101" time="3.648"/>
  <testcase classname="testCases.Bangladesh" name="dashboardfaqfeedback" time="20.084"/>
</testsuite> <!-- testCases.Bangladesh -->
